<?xml version="1.0" encoding="UTF-8"?>
<!-- Generated by org.testng.reporters.JUnitXMLReporter -->
<testsuite ignored="0" hostname="LPTIN-3K8J8S3" failures="0" tests="2" name="Regression" time="11.224" errors="0" timestamp="2024-01-09T17:45:13 IST">
  <testcase classname="Testngpackage.Parallleexecution" name="testOnChromeWithBrowserStackSignUp" time="6.497"/>
  <testcase classname="Testngpackage.Parallleexecution" name="testOnChromeWithBrowserStackUrl" time="4.435"/>
</testsuite> <!-- Regression -->
