<?xml version="1.0" encoding="UTF-8"?>
<!-- Generated by org.testng.reporters.JUnitXMLReporter -->
<testsuite ignored="0" hostname="LPTIN-3K8J8S3" failures="1" tests="8" name="Test" time="8.615" errors="0" timestamp="2024-01-05T20:25:10 IST">
  <testcase classname="ListnersDemo.ListnersDemo1" name="Test1" time="0.009"/>
  <testcase classname="ListnersDemo.ListnersDemo1" name="Test2" time="0.001"/>
  <testcase classname="ListnersDemo.ListnersDemo1" name="Test3" time="0.001"/>
  <testcase classname="ListnersDemo.ListnersDemo2" name="Test4" time="0.001"/>
  <testcase classname="ListnersDemo.ListnersDemo2" name="Test5" time="0.001"/>
  <testcase classname="ListnersDemo.ListnersDemo2" name="Test6" time="0.001"/>
  <testcase classname="ListnersDemo.TestCases" name="Login" time="8.556"/>
  <testcase classname="ListnersDemo.TestCases" name="TestToFail" time="0.002">
    <failure type="java.lang.AssertionError" message="expected [true] but found [false]">
      <![CDATA[java.lang.AssertionError: expected [true] but found [false]
at ListnersDemo.TestCases.TestToFail(TestCases.java:30)
at java.base/java.util.ArrayList.forEach(ArrayList.java:1511)
... Removed 29 stack frames]]>
    </failure>
  </testcase> <!-- TestToFail -->
</testsuite> <!-- Test -->
